1552.宫敬加入
2151.李晓平加入
2012880012.温凯加入
2016214557.万洋洋加入
2016214559.韦宝成加入
1102.吴海浩加入
2016214554.陈影加入
1552.宫敬加入
2151.李晓平加入
2017214584.李根加入
2016314018.洪炳沅加入
2017214054.孙小喆加入
2017214566.禹亚峰加入
1102.吴海浩加入
1552.宫敬加入
2017214564.高晶晶加入
2151.李晓平加入
2016314018.洪炳沅加入
2016214560.周艳红加入
2016214556.李愚加入
2017214069.狄国佳加入
2016214076.苏越加入
2151.李晓平加入
1552.宫敬加入
2016214076.苏越加入
2017214565.何卓加入
2151.李晓平加入
1552.宫敬加入
2016314018.洪炳沅加入
2016214076.苏越加入
2017214565.何卓加入
2151.李晓平加入
2016214076.苏越加入
2017214565.何卓加入
2151.李晓平加入
2015214549.金浩加入
2151.李晓平加入
2016214556.李愚加入
2151.李晓平加入
2016214560.周艳红加入
2151.李晓平加入
2016214559.韦宝成加入
2151.李晓平加入
2016214554.陈影加入
2151.李晓平加入
2016214557.万洋洋加入
2151.李晓平加入
2015214549.金浩加入
2151.李晓平加入
2018214554.都兆楠加入
2151.李晓平加入
2018214555.谭遥加入
2151.李晓平加入
2018214068.刘胜男加入
2151.李晓平加入
2016214555.崔可心加入
2151.李晓平加入
2017214058.刘莹莹加入
2016214555.崔可心加入
2016214558.王茀玺加入
2016214558.王茀玺加入
2017214053.吕鹏飞加入
2018214053.纪晨秋加入
2018214546.王靖怡加入
2018214052.丁陈陈加入
2018214055.刘鹏加入
2018214054.廖清云加入
2017214053.吕鹏飞加入
2018214544.冯兴加入
2018214565.赵恭宇加入
2018214547.李雨加入
2018214545.王昕楚加入
2018214555.谭遥加入
2018214554.都兆楠加入
2018214558.王扬超加入
2018214555.谭遥加入
2018214554.都兆楠加入
2018214068.刘胜男加入
2018214084.周建伟加入
2018214553.崔雪萌加入
2015010743.王铁淞加入
2015010862.史安丁加入
2015010667.沈倩加入
2015010856.贾羽茜加入
2015010854.德吉曲珍加入
2015010857.康雅倩加入
2015010858.兰敏加入
2015010879.邵文宏加入
2015010876.骆新斗加入
2015010861.柳佳丽加入
2015010863.张怡铭加入
2015010860.李玥洁加入
2015010865.白宗翰加入
2015010868.高经华加入
2015010864.艾斯卡尔·坎买尔加入
2015010867.付顺康加入
2015010869.顾鹏程加入
2015010866.董佳鑫加入
2015010870.贺国晏加入
2015010855.胡瑾加入
2015010875.刘禹良加入
2015010871.侯富恒加入
2014011043.冯志强加入
2015010881.伍彦松加入
2015010877.马克加入
2015010872.姜铖加入
2015010882.熊泽华加入
2015010883.严腾飞加入
2015010880.王饕加入
2015010887.张雄凯加入
2015010885.殷雄加入
2015010886.张猛加入
2015010884.杨宏慧加入
2015011149.张悦加入
2015010859.李露露加入
2015010878.马有财加入
2015010900.何毅加入
2015010911.邰昊加入
2015010914.徐帜加入
2015010914.徐帜加入
2015010930.郑衣珍加入
2015010930.郑衣珍加入
2015030066.康迪加入
2017214588.孙成威加入
2016214090.陈怡鸣加入
2017214053.吕鹏飞加入
2018214548.王昕加入
2018214549.朱振宇加入
2018214551.时浩加入
2018214550.单锦旭加入
2018214556.董小钰加入
2018214553.崔雪萌加入
2018214557.陶冰星加入
2018214560.张静宇加入
2018214559.杨哲任加入
2016214065.赵云鹏加入
2018214568.王帅加入
2018214568.王帅加入
2018214570.朱云鹏加入
2018214569.武壮加入
2018214575.曾亚男加入
2018214577.倪平加入
2018214550.单锦旭加入
2018214576.刘壮加入
2018214567.李栋加入
2018214566.葛旭加入
2018214578.张湘玮加入
2018214573.钟思源加入
2018214574.周冰加入
2018214579.赵留康加入
2018214578.张湘玮加入
2016214080.李蛟鸾加入
2017214052.李立加入
2018214572.陈汉加入
2018214572.陈汉加入
2018214573.钟思源加入
2018214574.周冰加入
